GROUP,PACKAGE,CLASS,INSTRUCTION_MISSED,INSTRUCTION_COVERED,BRANCH_MISSED,BRANCH_COVERED,LINE_MISSED,LINE_COVERED,COMPLEXITY_MISSED,COMPLEXITY_COVERED,METHOD_MISSED,METHOD_COVERED
CS5004 Assignment,edu.neu.ccs.cs5004.assignment5.problem2,BagOfWords,21,187,2,28,2,40,3,22,2,8
CS5004 Assignment,edu.neu.ccs.cs5004.assignment5.problem2,ListNode,0,31,0,4,0,11,0,6,0,4
CS5004 Assignment,edu.neu.ccs.cs5004.assignment5.problem2,EmptyBag,28,54,4,8,2,15,5,11,2,8
CS5004 Assignment,edu.neu.ccs.cs5004.assignment5.problem1,EmptyPriorityQueue,28,62,4,8,2,15,5,11,2,8
CS5004 Assignment,edu.neu.ccs.cs5004.assignment5.problem1,Element,26,61,6,14,3,16,5,10,1,4
CS5004 Assignment,edu.neu.ccs.cs5004.assignment5.problem1,PriorityQueue,30,67,3,9,4,18,4,12,2,8
CS5004 Assignment,edu.neu.ccs.cs5004.assignment5.problem1,ListNode,34,149,9,29,3,38,7,22,1,9
CS5004 Assignment,edu.neu.ccs.cs5004.assignment5.problem1,IndexOutOfRangeException,0,3,0,0,0,1,0,1,0,1
