GROUP,PACKAGE,CLASS,INSTRUCTION_MISSED,INSTRUCTION_COVERED,BRANCH_MISSED,BRANCH_COVERED,LINE_MISSED,LINE_COVERED,COMPLEXITY_MISSED,COMPLEXITY_COVERED,METHOD_MISSED,METHOD_COVERED
CS5004 Assignments,edu.neu.ccs.cs5004.problem1,IncorrectWealthValueException,3,6,0,0,1,3,1,1,1,1
CS5004 Assignments,edu.neu.ccs.cs5004.problem1,Sniper,0,5,0,0,0,2,0,1,0,1
CS5004 Assignments,edu.neu.ccs.cs5004.problem1,Solider,0,50,0,8,0,12,0,8,0,4
CS5004 Assignments,edu.neu.ccs.cs5004.problem1,Engineer,5,0,0,0,2,0,1,0,1,0
CS5004 Assignments,edu.neu.ccs.cs5004.problem1,Marine,5,0,0,0,2,0,1,0,1,0
CS5004 Assignments,edu.neu.ccs.cs5004.problem1,Name,0,15,0,0,0,6,0,3,0,3
CS5004 Assignments,edu.neu.ccs.cs5004.problem1,Farmer,0,5,0,0,0,2,0,1,0,1
CS5004 Assignments,edu.neu.ccs.cs5004.problem1,IncorrectAgeRangeException,3,6,0,0,1,3,1,1,1,1
CS5004 Assignments,edu.neu.ccs.cs5004.problem1,Civilian,0,44,0,6,0,12,0,7,0,4
CS5004 Assignments,edu.neu.ccs.cs5004.problem1,IncorrectStrengthValueException,3,6,0,0,1,3,1,1,1,1
CS5004 Assignments,edu.neu.ccs.cs5004.problem1,Piece,0,25,0,4,0,8,0,5,0,3
CS5004 Assignments,edu.neu.ccs.cs5004,App,7,0,0,0,3,0,2,0,2,0
