<?xml version="1.0" encoding="UTF-8" ?>
<testsuite tests="18" failures="0" name="edu.neu.ccs.cs5004.InventoryTest" time="0.005" errors="0" skipped="0">
  <properties>
[...]
</properties>
  <testcase classname="edu.neu.ccs.cs5004.InventoryTest" name="getRetailValue" time="0"/>
  <testcase classname="edu.neu.ccs.cs5004.InventoryTest" name="addNewShampoo" time="0"/>
  <testcase classname="edu.neu.ccs.cs5004.InventoryTest" name="isInStockGroceryStockItem" time="0"/>
  <testcase classname="edu.neu.ccs.cs5004.InventoryTest" name="addNewCheese" time="0"/>
  <testcase classname="edu.neu.ccs.cs5004.InventoryTest" name="isInStockGroceryShoppingCartItem" time="0"/>
  <testcase classname="edu.neu.ccs.cs5004.InventoryTest" name="addNewSalmon" time="0"/>
  <testcase classname="edu.neu.ccs.cs5004.InventoryTest" name="updateStockGrocery" time="0"/>
  <testcase classname="edu.neu.ccs.cs5004.InventoryTest" name="addNewBeer" time="0"/>
  <testcase classname="edu.neu.ccs.cs5004.InventoryTest" name="updateStockHousehold" time="0"/>
  <testcase classname="edu.neu.ccs.cs5004.InventoryTest" name="notInStockGroceryShoppingCartItem" time="0"/>
  <testcase classname="edu.neu.ccs.cs5004.InventoryTest" name="notInStockHouseholdItem" time="0"/>
  <testcase classname="edu.neu.ccs.cs5004.InventoryTest" name="getHouseholdStock" time="0.005"/>
  <testcase classname="edu.neu.ccs.cs5004.InventoryTest" name="isInStockHouseholdShoppingCartItem" time="0"/>
  <testcase classname="edu.neu.ccs.cs5004.InventoryTest" name="notInStockGroceryItem" time="0"/>
  <testcase classname="edu.neu.ccs.cs5004.InventoryTest" name="notInStockHouseholdShoppingCartItem" time="0"/>
  <testcase classname="edu.neu.ccs.cs5004.InventoryTest" name="addNewPaperTowel" time="0"/>
  <testcase classname="edu.neu.ccs.cs5004.InventoryTest" name="isInStockHouseholdStockItem" time="0"/>
  <testcase classname="edu.neu.ccs.cs5004.InventoryTest" name="getGroceryStock" time="0"/>
</testsuite>