<?xml version="1.0" encoding="UTF-8" ?>
<testsuite tests="20" failures="0" name="edu.neu.ccs.cs5004.assignment5.problem1.ListNodeTest" time="0.002" errors="0" skipped="0">
  <properties>
[...]
</properties>
  <testcase classname="edu.neu.ccs.cs5004.assignment5.problem1.ListNodeTest" name="removeFrontNotExist" time="0.001"/>
  <testcase classname="edu.neu.ccs.cs5004.assignment5.problem1.ListNodeTest" name="getSizeZero" time="0"/>
  <testcase classname="edu.neu.ccs.cs5004.assignment5.problem1.ListNodeTest" name="equalsItself" time="0"/>
  <testcase classname="edu.neu.ccs.cs5004.assignment5.problem1.ListNodeTest" name="equals" time="0"/>
  <testcase classname="edu.neu.ccs.cs5004.assignment5.problem1.ListNodeTest" name="getSizeOne" time="0"/>
  <testcase classname="edu.neu.ccs.cs5004.assignment5.problem1.ListNodeTest" name="getSizeTwo" time="0"/>
  <testcase classname="edu.neu.ccs.cs5004.assignment5.problem1.ListNodeTest" name="addNull" time="0"/>
  <testcase classname="edu.neu.ccs.cs5004.assignment5.problem1.ListNodeTest" name="notEqualsOtherClass" time="0.001"/>
  <testcase classname="edu.neu.ccs.cs5004.assignment5.problem1.ListNodeTest" name="peekNotExist" time="0"/>
  <testcase classname="edu.neu.ccs.cs5004.assignment5.problem1.ListNodeTest" name="notEqualsNUll" time="0"/>
  <testcase classname="edu.neu.ccs.cs5004.assignment5.problem1.ListNodeTest" name="notEqualsNode" time="0"/>
  <testcase classname="edu.neu.ccs.cs5004.assignment5.problem1.ListNodeTest" name="removeFront" time="0"/>
  <testcase classname="edu.neu.ccs.cs5004.assignment5.problem1.ListNodeTest" name="addNotNull" time="0"/>
  <testcase classname="edu.neu.ccs.cs5004.assignment5.problem1.ListNodeTest" name="getNext" time="0"/>
  <testcase classname="edu.neu.ccs.cs5004.assignment5.problem1.ListNodeTest" name="getNode" time="0"/>
  <testcase classname="edu.neu.ccs.cs5004.assignment5.problem1.ListNodeTest" name="add" time="0"/>
  <testcase classname="edu.neu.ccs.cs5004.assignment5.problem1.ListNodeTest" name="peek" time="0"/>
  <testcase classname="edu.neu.ccs.cs5004.assignment5.problem1.ListNodeTest" name="Empty" time="0"/>
  <testcase classname="edu.neu.ccs.cs5004.assignment5.problem1.ListNodeTest" name="notEqualsOther" time="0"/>
  <testcase classname="edu.neu.ccs.cs5004.assignment5.problem1.ListNodeTest" name="isEmpty" time="0"/>
</testsuite>